{"time": "2025-11-07 10:45:24", "user_id": "gogo", "service_menu": "상담연결", "stars": "5", "access_type": "web", "isReservation": "1"}
{"time": "2025-11-07 10:45:24", "user_id": "pytorch", "service_menu": "예약해지", "stars": "4", "access_type": "android", "isReservation": "1"}
{"time": "2025-11-07 10:45:24", "user_id": "ace", "service_menu": "추천하기", "stars": "1", "access_type": "ios", "isReservation": "1"}
{"time": "2025-11-07 10:45:24", "user_id": "keras", "service_menu": "상담연결", "stars": "2", "access_type": "web", "isReservation": "1"}
{"time": "2025-11-07 10:45:24", "user_id": "korea", "service_menu": "일정보기", "stars": "5", "access_type": "web", "isReservation": "1"}
{"time": "2025-11-07 10:45:24", "user_id": "alice", "service_menu": "추천하기", "stars": "5", "access_type": "ios", "isReservation": "0"}
{"time": "2025-11-07 10:45:24", "user_id": "pytorch", "service_menu": "예약문의", "stars": "1", "access_type": "web", "isReservation": "0"}
{"time": "2025-11-07 10:45:24", "user_id": "tensor", "service_menu": "일정보기", "stars": "5", "access_type": "ios", "isReservation": "1"}
{"time": "2025-11-07 10:45:24", "user_id": "ace", "service_menu": "예약문의", "stars": "4", "access_type": "web", "isReservation": "1"}
{"time": "2025-11-07 10:45:24", "user_id": "korea", "service_menu": "일정보기", "stars": "4", "access_type": "web", "isReservation": "1"}
{"time": "2025-11-07 10:45:24", "user_id": "korea", "service_menu": "호텔예약", "stars": "3", "access_type": "ios", "isReservation": "0"}
{"time": "2025-11-07 10:45:24", "user_id": "ace", "service_menu": "예약문의", "stars": "1", "access_type": "android", "isReservation": "1"}
{"time": "2025-11-07 10:45:24", "user_id": "pytorch", "service_menu": "예약문의", "stars": "5", "access_type": "ios", "isReservation": "1"}
{"time": "2025-11-07 10:45:24", "user_id": "keras", "service_menu": "둘러보기", "stars": "1", "access_type": "ios", "isReservation": "0"}
{"time": "2025-11-07 10:45:24", "user_id": "alice", "service_menu": "추천하기", "stars": "4", "access_type": "android", "isReservation": "0"}
{"time": "2025-11-07 10:45:24", "user_id": "gogo", "service_menu": "호텔예약", "stars": "3", "access_type": "web", "isReservation": "1"}
{"time": "2025-11-07 10:45:24", "user_id": "keras", "service_menu": "예약문의", "stars": "3", "access_type": "ios", "isReservation": "0"}
{"time": "2025-11-07 10:45:24", "user_id": "alice", "service_menu": "둘러보기", "stars": "1", "access_type": "ios", "isReservation": "1"}
{"time": "2025-11-07 10:45:24", "user_id": "gogo", "service_menu": "일정보기", "stars": "4", "access_type": "ios", "isReservation": "0"}
{"time": "2025-11-07 10:45:24", "user_id": "gogo", "service_menu": "추천하기", "stars": "4", "access_type": "android", "isReservation": "0"}
{"time": "2025-11-07 10:45:24", "user_id": "ace", "service_menu": "상담연결", "stars": "4", "access_type": "android", "isReservation": "1"}
{"time": "2025-11-07 10:45:24", "user_id": "keras", "service_menu": "호텔예약", "stars": "5", "access_type": "web", "isReservation": "1"}
{"time": "2025-11-07 10:45:24", "user_id": "alice", "service_menu": "추천하기", "stars": "4", "access_type": "android", "isReservation": "1"}
{"time": "2025-11-07 10:45:24", "user_id": "phdmk", "service_menu": "추천하기", "stars": "4", "access_type": "android", "isReservation": "0"}
{"time": "2025-11-07 10:45:24", "user_id": "korea", "service_menu": "일정보기", "stars": "3", "access_type": "web", "isReservation": "0"}
{"time": "2025-11-07 10:45:24", "user_id": "phdmk", "service_menu": "추천하기", "stars": "3", "access_type": "web", "isReservation": "1"}
{"time": "2025-11-07 10:45:24", "user_id": "keras", "service_menu": "상담연결", "stars": "4", "access_type": "ios", "isReservation": "1"}
{"time": "2025-11-07 10:45:24", "user_id": "gogo", "service_menu": "예약문의", "stars": "1", "access_type": "web", "isReservation": "1"}
{"time": "2025-11-07 10:45:24", "user_id": "ace", "service_menu": "추천하기", "stars": "1", "access_type": "ios", "isReservation": "1"}
{"time": "2025-11-07 10:45:24", "user_id": "phdmk", "service_menu": "둘러보기", "stars": "2", "access_type": "android", "isReservation": "1"}
{"time": "2025-11-07 10:45:24", "user_id": "phdmk", "service_menu": "둘러보기", "stars": "1", "access_type": "web", "isReservation": "0"}
{"time": "2025-11-07 10:45:24", "user_id": "tensor", "service_menu": "예약해지", "stars": "1", "access_type": "android", "isReservation": "0"}
{"time": "2025-11-07 10:45:24", "user_id": "gogo", "service_menu": "호텔예약", "stars": "5", "access_type": "android", "isReservation": "0"}
{"time": "2025-11-07 10:45:24", "user_id": "tensor", "service_menu": "예약해지", "stars": "2", "access_type": "android", "isReservation": "1"}
{"time": "2025-11-07 10:45:24", "user_id": "phdmk", "service_menu": "예약해지", "stars": "4", "access_type": "web", "isReservation": "1"}
{"time": "2025-11-07 10:45:24", "user_id": "keras", "service_menu": "일정보기", "stars": "3", "access_type": "web", "isReservation": "1"}
{"time": "2025-11-07 10:45:24", "user_id": "alice", "service_menu": "추천하기", "stars": "2", "access_type": "ios", "isReservation": "0"}
{"time": "2025-11-07 10:45:24", "user_id": "pytorch", "service_menu": "일정보기", "stars": "4", "access_type": "android", "isReservation": "1"}
{"time": "2025-11-07 10:45:24", "user_id": "korea", "service_menu": "예약문의", "stars": "1", "access_type": "android", "isReservation": "0"}
{"time": "2025-11-07 10:45:24", "user_id": "korea", "service_menu": "상담연결", "stars": "5", "access_type": "ios", "isReservation": "1"}
{"time": "2025-11-07 10:45:24", "user_id": "keras", "service_menu": "예약해지", "stars": "1", "access_type": "web", "isReservation": "1"}
{"time": "2025-11-07 10:45:24", "user_id": "pytorch", "service_menu": "상담연결", "stars": "3", "access_type": "ios", "isReservation": "0"}
{"time": "2025-11-07 10:45:24", "user_id": "pytorch", "service_menu": "일정보기", "stars": "5", "access_type": "ios", "isReservation": "0"}
{"time": "2025-11-07 10:45:24", "user_id": "phdmk", "service_menu": "호텔예약", "stars": "3", "access_type": "ios", "isReservation": "0"}
{"time": "2025-11-07 10:45:24", "user_id": "keras", "service_menu": "둘러보기", "stars": "1", "access_type": "android", "isReservation": "1"}
{"time": "2025-11-07 10:45:24", "user_id": "gogo", "service_menu": "둘러보기", "stars": "2", "access_type": "web", "isReservation": "0"}
{"time": "2025-11-07 10:45:24", "user_id": "korea", "service_menu": "예약해지", "stars": "5", "access_type": "ios", "isReservation": "0"}
{"time": "2025-11-07 10:45:24", "user_id": "phdmk", "service_menu": "상담연결", "stars": "1", "access_type": "android", "isReservation": "0"}
{"time": "2025-11-07 10:45:24", "user_id": "ace", "service_menu": "호텔예약", "stars": "5", "access_type": "ios", "isReservation": "1"}
{"time": "2025-11-07 10:45:24", "user_id": "alice", "service_menu": "둘러보기", "stars": "4", "access_type": "android", "isReservation": "0"}
{"time": "2025-11-07 10:45:24", "user_id": "tensor", "service_menu": "예약해지", "stars": "5", "access_type": "web", "isReservation": "1"}
{"time": "2025-11-07 10:45:24", "user_id": "phdmk", "service_menu": "일정보기", "stars": "1", "access_type": "web", "isReservation": "0"}
{"time": "2025-11-07 10:45:24", "user_id": "phdmk", "service_menu": "호텔예약", "stars": "2", "access_type": "android", "isReservation": "0"}
{"time": "2025-11-07 10:45:24", "user_id": "alice", "service_menu": "추천하기", "stars": "3", "access_type": "ios", "isReservation": "1"}
{"time": "2025-11-07 10:45:24", "user_id": "phdmk", "service_menu": "일정보기", "stars": "4", "access_type": "web", "isReservation": "1"}
{"time": "2025-11-07 10:45:24", "user_id": "alice", "service_menu": "예약해지", "stars": "1", "access_type": "ios", "isReservation": "0"}
{"time": "2025-11-07 10:45:24", "user_id": "ace", "service_menu": "둘러보기", "stars": "1", "access_type": "web", "isReservation": "0"}
{"time": "2025-11-07 10:45:24", "user_id": "alice", "service_menu": "상담연결", "stars": "1", "access_type": "ios", "isReservation": "0"}
{"time": "2025-11-07 10:45:24", "user_id": "pytorch", "service_menu": "둘러보기", "stars": "4", "access_type": "web", "isReservation": "0"}
{"time": "2025-11-07 10:45:24", "user_id": "gogo", "service_menu": "예약해지", "stars": "1", "access_type": "ios", "isReservation": "0"}
{"time": "2025-11-07 10:45:24", "user_id": "phdmk", "service_menu": "예약문의", "stars": "2", "access_type": "ios", "isReservation": "0"}
{"time": "2025-11-07 10:45:24", "user_id": "ace", "service_menu": "상담연결", "stars": "4", "access_type": "android", "isReservation": "1"}
{"time": "2025-11-07 10:45:24", "user_id": "ace", "service_menu": "둘러보기", "stars": "3", "access_type": "web", "isReservation": "0"}
{"time": "2025-11-07 10:45:24", "user_id": "ace", "service_menu": "호텔예약", "stars": "4", "access_type": "ios", "isReservation": "0"}
{"time": "2025-11-07 10:45:24", "user_id": "korea", "service_menu": "추천하기", "stars": "3", "access_type": "ios", "isReservation": "1"}
{"time": "2025-11-07 10:45:24", "user_id": "ace", "service_menu": "호텔예약", "stars": "2", "access_type": "web", "isReservation": "1"}
{"time": "2025-11-07 10:45:24", "user_id": "alice", "service_menu": "일정보기", "stars": "1", "access_type": "web", "isReservation": "0"}
{"time": "2025-11-07 10:45:24", "user_id": "keras", "service_menu": "예약문의", "stars": "3", "access_type": "web", "isReservation": "0"}
{"time": "2025-11-07 10:45:24", "user_id": "gogo", "service_menu": "추천하기", "stars": "1", "access_type": "ios", "isReservation": "0"}
{"time": "2025-11-07 10:45:24", "user_id": "ace", "service_menu": "상담연결", "stars": "1", "access_type": "android", "isReservation": "1"}
{"time": "2025-11-07 10:45:24", "user_id": "alice", "service_menu": "추천하기", "stars": "5", "access_type": "web", "isReservation": "0"}
{"time": "2025-11-07 10:45:24", "user_id": "ace", "service_menu": "둘러보기", "stars": "1", "access_type": "web", "isReservation": "0"}
{"time": "2025-11-07 10:45:24", "user_id": "keras", "service_menu": "일정보기", "stars": "5", "access_type": "ios", "isReservation": "1"}
{"time": "2025-11-07 10:45:24", "user_id": "alice", "service_menu": "예약문의", "stars": "1", "access_type": "ios", "isReservation": "1"}
{"time": "2025-11-07 10:45:24", "user_id": "ace", "service_menu": "호텔예약", "stars": "5", "access_type": "ios", "isReservation": "0"}
{"time": "2025-11-07 10:45:24", "user_id": "phdmk", "service_menu": "호텔예약", "stars": "5", "access_type": "android", "isReservation": "0"}
{"time": "2025-11-07 10:45:24", "user_id": "tensor", "service_menu": "예약해지", "stars": "4", "access_type": "web", "isReservation": "1"}
{"time": "2025-11-07 10:45:24", "user_id": "alice", "service_menu": "추천하기", "stars": "5", "access_type": "web", "isReservation": "0"}
{"time": "2025-11-07 10:45:24", "user_id": "korea", "service_menu": "상담연결", "stars": "2", "access_type": "ios", "isReservation": "1"}
{"time": "2025-11-07 10:45:24", "user_id": "gogo", "service_menu": "호텔예약", "stars": "2", "access_type": "android", "isReservation": "0"}
{"time": "2025-11-07 10:45:24", "user_id": "phdmk", "service_menu": "상담연결", "stars": "4", "access_type": "web", "isReservation": "0"}
{"time": "2025-11-07 10:45:24", "user_id": "alice", "service_menu": "추천하기", "stars": "5", "access_type": "android", "isReservation": "1"}
{"time": "2025-11-07 10:45:24", "user_id": "keras", "service_menu": "상담연결", "stars": "2", "access_type": "android", "isReservation": "1"}
{"time": "2025-11-07 10:45:24", "user_id": "tensor", "service_menu": "상담연결", "stars": "3", "access_type": "android", "isReservation": "1"}
{"time": "2025-11-07 10:45:24", "user_id": "ace", "service_menu": "예약해지", "stars": "5", "access_type": "android", "isReservation": "1"}
{"time": "2025-11-07 10:45:24", "user_id": "keras", "service_menu": "추천하기", "stars": "5", "access_type": "android", "isReservation": "1"}
{"time": "2025-11-07 10:45:24", "user_id": "phdmk", "service_menu": "추천하기", "stars": "5", "access_type": "ios", "isReservation": "0"}
{"time": "2025-11-07 10:45:24", "user_id": "keras", "service_menu": "일정보기", "stars": "1", "access_type": "web", "isReservation": "1"}
{"time": "2025-11-07 10:45:24", "user_id": "keras", "service_menu": "일정보기", "stars": "1", "access_type": "android", "isReservation": "1"}
{"time": "2025-11-07 10:45:24", "user_id": "pytorch", "service_menu": "호텔예약", "stars": "5", "access_type": "ios", "isReservation": "1"}
{"time": "2025-11-07 10:45:24", "user_id": "phdmk", "service_menu": "예약해지", "stars": "4", "access_type": "web", "isReservation": "1"}
{"time": "2025-11-07 10:45:24", "user_id": "gogo", "service_menu": "예약해지", "stars": "3", "access_type": "android", "isReservation": "0"}
{"time": "2025-11-07 10:45:24", "user_id": "alice", "service_menu": "호텔예약", "stars": "3", "access_type": "web", "isReservation": "1"}
{"time": "2025-11-07 10:45:24", "user_id": "gogo", "service_menu": "둘러보기", "stars": "3", "access_type": "android", "isReservation": "1"}
{"time": "2025-11-07 10:45:24", "user_id": "gogo", "service_menu": "호텔예약", "stars": "1", "access_type": "ios", "isReservation": "0"}
{"time": "2025-11-07 10:45:24", "user_id": "alice", "service_menu": "둘러보기", "stars": "5", "access_type": "android", "isReservation": "0"}
{"time": "2025-11-07 10:45:24", "user_id": "pytorch", "service_menu": "예약해지", "stars": "4", "access_type": "ios", "isReservation": "1"}
{"time": "2025-11-07 10:45:24", "user_id": "pytorch", "service_menu": "예약해지", "stars": "4", "access_type": "android", "isReservation": "0"}
{"time": "2025-11-07 10:45:24", "user_id": "gogo", "service_menu": "추천하기", "stars": "4", "access_type": "web", "isReservation": "1"}
{"time": "2025-11-07 10:45:24", "user_id": "ace", "service_menu": "추천하기", "stars": "1", "access_type": "ios", "isReservation": "0"}
{"time": "2025-11-07 10:45:24", "user_id": "korea", "service_menu": "추천하기", "stars": "2", "access_type": "android", "isReservation": "1"}
{"time": "2025-11-07 10:45:24", "user_id": "alice", "service_menu": "추천하기", "stars": "3", "access_type": "ios", "isReservation": "0"}
{"time": "2025-11-07 10:45:24", "user_id": "tensor", "service_menu": "예약해지", "stars": "4", "access_type": "ios", "isReservation": "1"}
{"time": "2025-11-07 10:45:24", "user_id": "tensor", "service_menu": "상담연결", "stars": "5", "access_type": "android", "isReservation": "1"}
{"time": "2025-11-07 10:45:24", "user_id": "keras", "service_menu": "호텔예약", "stars": "2", "access_type": "ios", "isReservation": "1"}
{"time": "2025-11-07 10:45:24", "user_id": "ace", "service_menu": "상담연결", "stars": "3", "access_type": "web", "isReservation": "1"}
{"time": "2025-11-07 10:45:24", "user_id": "gogo", "service_menu": "상담연결", "stars": "4", "access_type": "android", "isReservation": "1"}
{"time": "2025-11-07 10:45:24", "user_id": "keras", "service_menu": "호텔예약", "stars": "5", "access_type": "android", "isReservation": "0"}
{"time": "2025-11-07 10:45:24", "user_id": "korea", "service_menu": "호텔예약", "stars": "3", "access_type": "android", "isReservation": "0"}
{"time": "2025-11-07 10:45:24", "user_id": "keras", "service_menu": "상담연결", "stars": "5", "access_type": "android", "isReservation": "0"}
{"time": "2025-11-07 10:45:24", "user_id": "ace", "service_menu": "상담연결", "stars": "4", "access_type": "web", "isReservation": "1"}
{"time": "2025-11-07 10:45:24", "user_id": "pytorch", "service_menu": "호텔예약", "stars": "3", "access_type": "web", "isReservation": "0"}
{"time": "2025-11-07 10:45:24", "user_id": "pytorch", "service_menu": "상담연결", "stars": "4", "access_type": "web", "isReservation": "0"}
{"time": "2025-11-07 10:45:24", "user_id": "ace", "service_menu": "상담연결", "stars": "1", "access_type": "web", "isReservation": "0"}
{"time": "2025-11-07 10:45:24", "user_id": "gogo", "service_menu": "상담연결", "stars": "5", "access_type": "web", "isReservation": "1"}
{"time": "2025-11-07 10:45:24", "user_id": "phdmk", "service_menu": "추천하기", "stars": "1", "access_type": "web", "isReservation": "1"}
{"time": "2025-11-07 10:45:24", "user_id": "phdmk", "service_menu": "일정보기", "stars": "4", "access_type": "android", "isReservation": "1"}
{"time": "2025-11-07 10:45:24", "user_id": "phdmk", "service_menu": "예약해지", "stars": "1", "access_type": "web", "isReservation": "0"}
{"time": "2025-11-07 10:45:24", "user_id": "phdmk", "service_menu": "예약해지", "stars": "1", "access_type": "ios", "isReservation": "0"}
{"time": "2025-11-07 10:45:24", "user_id": "tensor", "service_menu": "호텔예약", "stars": "3", "access_type": "android", "isReservation": "1"}
{"time": "2025-11-07 10:45:24", "user_id": "korea", "service_menu": "예약문의", "stars": "3", "access_type": "web", "isReservation": "0"}
{"time": "2025-11-07 10:45:24", "user_id": "phdmk", "service_menu": "일정보기", "stars": "5", "access_type": "android", "isReservation": "0"}
{"time": "2025-11-07 10:45:24", "user_id": "keras", "service_menu": "둘러보기", "stars": "3", "access_type": "android", "isReservation": "0"}
{"time": "2025-11-07 10:45:24", "user_id": "keras", "service_menu": "일정보기", "stars": "2", "access_type": "web", "isReservation": "1"}
{"time": "2025-11-07 10:45:24", "user_id": "phdmk", "service_menu": "예약해지", "stars": "5", "access_type": "android", "isReservation": "1"}
{"time": "2025-11-07 10:45:24", "user_id": "alice", "service_menu": "일정보기", "stars": "5", "access_type": "ios", "isReservation": "0"}
{"time": "2025-11-07 10:45:24", "user_id": "phdmk", "service_menu": "둘러보기", "stars": "1", "access_type": "ios", "isReservation": "0"}
{"time": "2025-11-07 10:45:24", "user_id": "keras", "service_menu": "상담연결", "stars": "5", "access_type": "web", "isReservation": "0"}
{"time": "2025-11-07 10:45:24", "user_id": "gogo", "service_menu": "예약해지", "stars": "3", "access_type": "web", "isReservation": "1"}
{"time": "2025-11-07 10:45:24", "user_id": "pytorch", "service_menu": "예약해지", "stars": "5", "access_type": "ios", "isReservation": "0"}
{"time": "2025-11-07 10:45:24", "user_id": "alice", "service_menu": "호텔예약", "stars": "3", "access_type": "ios", "isReservation": "0"}
{"time": "2025-11-07 10:45:24", "user_id": "ace", "service_menu": "상담연결", "stars": "3", "access_type": "android", "isReservation": "1"}
{"time": "2025-11-07 10:45:24", "user_id": "phdmk", "service_menu": "예약해지", "stars": "1", "access_type": "web", "isReservation": "1"}
{"time": "2025-11-07 10:45:24", "user_id": "gogo", "service_menu": "예약해지", "stars": "5", "access_type": "android", "isReservation": "0"}
{"time": "2025-11-07 10:45:24", "user_id": "korea", "service_menu": "상담연결", "stars": "5", "access_type": "android", "isReservation": "0"}
{"time": "2025-11-07 10:45:24", "user_id": "korea", "service_menu": "둘러보기", "stars": "1", "access_type": "android", "isReservation": "1"}
{"time": "2025-11-07 10:45:24", "user_id": "ace", "service_menu": "추천하기", "stars": "5", "access_type": "web", "isReservation": "0"}
{"time": "2025-11-07 10:45:24", "user_id": "keras", "service_menu": "상담연결", "stars": "5", "access_type": "ios", "isReservation": "0"}
{"time": "2025-11-07 10:45:24", "user_id": "tensor", "service_menu": "상담연결", "stars": "1", "access_type": "ios", "isReservation": "1"}
{"time": "2025-11-07 10:45:24", "user_id": "alice", "service_menu": "예약문의", "stars": "3", "access_type": "ios", "isReservation": "0"}
{"time": "2025-11-07 10:45:24", "user_id": "tensor", "service_menu": "예약해지", "stars": "2", "access_type": "android", "isReservation": "0"}
{"time": "2025-11-07 10:45:24", "user_id": "alice", "service_menu": "일정보기", "stars": "1", "access_type": "ios", "isReservation": "0"}
{"time": "2025-11-07 10:45:24", "user_id": "tensor", "service_menu": "둘러보기", "stars": "3", "access_type": "web", "isReservation": "0"}
{"time": "2025-11-07 10:45:24", "user_id": "keras", "service_menu": "호텔예약", "stars": "3", "access_type": "android", "isReservation": "0"}
{"time": "2025-11-07 10:45:24", "user_id": "gogo", "service_menu": "상담연결", "stars": "4", "access_type": "ios", "isReservation": "0"}
{"time": "2025-11-07 10:45:24", "user_id": "phdmk", "service_menu": "예약해지", "stars": "1", "access_type": "web", "isReservation": "0"}
{"time": "2025-11-07 10:45:24", "user_id": "tensor", "service_menu": "예약해지", "stars": "1", "access_type": "ios", "isReservation": "1"}
{"time": "2025-11-07 10:45:24", "user_id": "pytorch", "service_menu": "상담연결", "stars": "2", "access_type": "ios", "isReservation": "0"}
{"time": "2025-11-07 10:45:24", "user_id": "tensor", "service_menu": "일정보기", "stars": "2", "access_type": "android", "isReservation": "0"}
{"time": "2025-11-07 10:45:24", "user_id": "korea", "service_menu": "호텔예약", "stars": "3", "access_type": "ios", "isReservation": "0"}
{"time": "2025-11-07 10:45:24", "user_id": "phdmk", "service_menu": "둘러보기", "stars": "1", "access_type": "android", "isReservation": "1"}
{"time": "2025-11-07 10:45:24", "user_id": "keras", "service_menu": "추천하기", "stars": "3", "access_type": "web", "isReservation": "0"}
{"time": "2025-11-07 10:45:24", "user_id": "phdmk", "service_menu": "호텔예약", "stars": "3", "access_type": "web", "isReservation": "0"}
{"time": "2025-11-07 10:45:24", "user_id": "pytorch", "service_menu": "예약해지", "stars": "3", "access_type": "web", "isReservation": "0"}
{"time": "2025-11-07 10:45:24", "user_id": "keras", "service_menu": "일정보기", "stars": "3", "access_type": "android", "isReservation": "1"}
{"time": "2025-11-07 10:45:24", "user_id": "korea", "service_menu": "호텔예약", "stars": "4", "access_type": "web", "isReservation": "1"}
{"time": "2025-11-07 10:45:24", "user_id": "phdmk", "service_menu": "둘러보기", "stars": "1", "access_type": "ios", "isReservation": "0"}
{"time": "2025-11-07 10:45:24", "user_id": "ace", "service_menu": "둘러보기", "stars": "3", "access_type": "android", "isReservation": "1"}
{"time": "2025-11-07 10:45:24", "user_id": "phdmk", "service_menu": "상담연결", "stars": "3", "access_type": "ios", "isReservation": "0"}
{"time": "2025-11-07 10:45:24", "user_id": "korea", "service_menu": "예약해지", "stars": "5", "access_type": "ios", "isReservation": "1"}
{"time": "2025-11-07 10:45:24", "user_id": "korea", "service_menu": "예약해지", "stars": "1", "access_type": "android", "isReservation": "1"}
{"time": "2025-11-07 10:45:24", "user_id": "alice", "service_menu": "예약해지", "stars": "2", "access_type": "web", "isReservation": "0"}
{"time": "2025-11-07 10:45:24", "user_id": "keras", "service_menu": "상담연결", "stars": "5", "access_type": "android", "isReservation": "1"}
{"time": "2025-11-07 10:45:24", "user_id": "alice", "service_menu": "예약문의", "stars": "1", "access_type": "android", "isReservation": "1"}
{"time": "2025-11-07 10:45:24", "user_id": "korea", "service_menu": "상담연결", "stars": "4", "access_type": "android", "isReservation": "0"}
{"time": "2025-11-07 10:45:24", "user_id": "pytorch", "service_menu": "상담연결", "stars": "5", "access_type": "android", "isReservation": "0"}
{"time": "2025-11-07 10:45:24", "user_id": "pytorch", "service_menu": "둘러보기", "stars": "3", "access_type": "ios", "isReservation": "1"}
{"time": "2025-11-07 10:45:24", "user_id": "pytorch", "service_menu": "예약해지", "stars": "5", "access_type": "android", "isReservation": "0"}
{"time": "2025-11-07 10:45:24", "user_id": "alice", "service_menu": "상담연결", "stars": "1", "access_type": "web", "isReservation": "1"}
{"time": "2025-11-07 10:45:24", "user_id": "alice", "service_menu": "예약문의", "stars": "5", "access_type": "android", "isReservation": "0"}
{"time": "2025-11-07 10:45:24", "user_id": "phdmk", "service_menu": "일정보기", "stars": "2", "access_type": "web", "isReservation": "1"}
{"time": "2025-11-07 10:45:24", "user_id": "keras", "service_menu": "예약해지", "stars": "3", "access_type": "android", "isReservation": "0"}
{"time": "2025-11-07 10:45:24", "user_id": "pytorch", "service_menu": "추천하기", "stars": "1", "access_type": "android", "isReservation": "1"}
{"time": "2025-11-07 10:45:24", "user_id": "korea", "service_menu": "둘러보기", "stars": "2", "access_type": "ios", "isReservation": "0"}
{"time": "2025-11-07 10:45:24", "user_id": "phdmk", "service_menu": "둘러보기", "stars": "3", "access_type": "web", "isReservation": "1"}
{"time": "2025-11-07 10:45:24", "user_id": "pytorch", "service_menu": "예약문의", "stars": "1", "access_type": "web", "isReservation": "1"}
{"time": "2025-11-07 10:45:24", "user_id": "pytorch", "service_menu": "추천하기", "stars": "2", "access_type": "ios", "isReservation": "0"}
{"time": "2025-11-07 10:45:24", "user_id": "ace", "service_menu": "예약문의", "stars": "2", "access_type": "web", "isReservation": "1"}
{"time": "2025-11-07 10:45:24", "user_id": "tensor", "service_menu": "호텔예약", "stars": "1", "access_type": "ios", "isReservation": "0"}
{"time": "2025-11-07 10:45:24", "user_id": "korea", "service_menu": "호텔예약", "stars": "1", "access_type": "android", "isReservation": "1"}
{"time": "2025-11-07 10:45:24", "user_id": "gogo", "service_menu": "예약문의", "stars": "4", "access_type": "web", "isReservation": "0"}
{"time": "2025-11-07 10:45:24", "user_id": "alice", "service_menu": "일정보기", "stars": "4", "access_type": "web", "isReservation": "1"}
{"time": "2025-11-07 10:45:24", "user_id": "tensor", "service_menu": "상담연결", "stars": "3", "access_type": "android", "isReservation": "0"}
{"time": "2025-11-07 10:45:24", "user_id": "keras", "service_menu": "예약문의", "stars": "2", "access_type": "web", "isReservation": "1"}
{"time": "2025-11-07 10:45:24", "user_id": "phdmk", "service_menu": "호텔예약", "stars": "2", "access_type": "web", "isReservation": "1"}
{"time": "2025-11-07 10:45:24", "user_id": "alice", "service_menu": "예약해지", "stars": "1", "access_type": "ios", "isReservation": "0"}
{"time": "2025-11-07 10:45:24", "user_id": "pytorch", "service_menu": "예약문의", "stars": "1", "access_type": "android", "isReservation": "0"}
{"time": "2025-11-07 10:45:24", "user_id": "pytorch", "service_menu": "호텔예약", "stars": "2", "access_type": "web", "isReservation": "0"}
{"time": "2025-11-07 10:45:24", "user_id": "gogo", "service_menu": "예약해지", "stars": "4", "access_type": "ios", "isReservation": "0"}
{"time": "2025-11-07 10:45:24", "user_id": "korea", "service_menu": "일정보기", "stars": "4", "access_type": "android", "isReservation": "0"}
{"time": "2025-11-07 10:45:24", "user_id": "tensor", "service_menu": "예약문의", "stars": "2", "access_type": "ios", "isReservation": "1"}
{"time": "2025-11-07 10:45:24", "user_id": "tensor", "service_menu": "예약해지", "stars": "4", "access_type": "android", "isReservation": "0"}
{"time": "2025-11-07 10:45:24", "user_id": "korea", "service_menu": "추천하기", "stars": "1", "access_type": "android", "isReservation": "0"}
{"time": "2025-11-07 10:45:24", "user_id": "alice", "service_menu": "둘러보기", "stars": "3", "access_type": "web", "isReservation": "0"}
{"time": "2025-11-07 10:45:24", "user_id": "gogo", "service_menu": "예약해지", "stars": "3", "access_type": "android", "isReservation": "1"}
{"time": "2025-11-07 10:45:24", "user_id": "gogo", "service_menu": "호텔예약", "stars": "1", "access_type": "android", "isReservation": "0"}
{"time": "2025-11-07 10:45:24", "user_id": "phdmk", "service_menu": "예약해지", "stars": "4", "access_type": "web", "isReservation": "1"}
{"time": "2025-11-07 10:45:24", "user_id": "korea", "service_menu": "상담연결", "stars": "1", "access_type": "android", "isReservation": "0"}
{"time": "2025-11-07 10:45:24", "user_id": "pytorch", "service_menu": "일정보기", "stars": "5", "access_type": "android", "isReservation": "0"}
{"time": "2025-11-07 10:45:24", "user_id": "keras", "service_menu": "호텔예약", "stars": "2", "access_type": "web", "isReservation": "0"}
